# JRE version: OpenJDK Runtime Environment (7.0_65-b32) (build 1.7.0_65-b32)
# Java VM: OpenJDK 64-Bit Server VM (24.65-b04 mixed mode linux-amd64 compressed oops)
Heap
 PSYoungGen      total 18432K, used 3240K [0x00000000ebb00000, 0x00000000ecf80000, 0x0000000100000000)
  eden space 15872K, 4% used [0x00000000ebb00000,0x00000000ebbacea8,0x00000000eca80000)
  from space 2560K, 99% used [0x00000000ecd00000,0x00000000ecf7d540,0x00000000ecf80000)
  to   space 2560K, 0% used [0x00000000eca80000,0x00000000eca80000,0x00000000ecd00000)
 ParOldGen       total 41472K, used 1585K [0x00000000c3200000, 0x00000000c5a80000, 0x00000000ebb00000)
  object space 41472K, 3% used [0x00000000c3200000,0x00000000c338c4c8,0x00000000c5a80000)
 PSPermGen       total 21504K, used 16580K [0x00000000b8c00000, 0x00000000ba100000, 0x00000000c3200000)
  object space 21504K, 77% used [0x00000000b8c00000,0x00000000b9c31030,0x00000000ba100000)
GC Heap History (8 events):
Event: 5.711 GC heap before
{Heap before GC invocations=1 (full 0):
 PSYoungGen      total 18432K, used 15872K [0x00000000ebb00000, 0x00000000ecf80000, 0x0000000100000000)
  eden space 15872K, 100% used [0x00000000ebb00000,0x00000000eca80000,0x00000000eca80000)
  from space 2560K, 0% used [0x00000000ecd00000,0x00000000ecd00000,0x00000000ecf80000)
  to   space 2560K, 0% used [0x00000000eca80000,0x00000000eca80000,0x00000000ecd00000)
 ParOldGen       total 41472K, used 0K [0x00000000c3200000, 0x00000000c5a80000, 0x00000000ebb00000)
  object space 41472K, 0% used [0x00000000c3200000,0x00000000c3200000,0x00000000c5a80000)
 PSPermGen       total 21504K, used 16316K [0x00000000b8c00000, 0x00000000ba100000, 0x00000000c3200000)
  object space 21504K, 75% used [0x00000000b8c00000,0x00000000b9bef0c8,0x00000000ba100000)
Event: 5.723 GC heap after
Heap after GC invocations=1 (full 0):
 PSYoungGen      total 18432K, used 2551K [0x00000000ebb00000, 0x00000000ecf80000, 0x0000000100000000)
  eden space 15872K, 0% used [0x00000000ebb00000,0x00000000ebb00000,0x00000000eca80000)
  from space 2560K, 99% used [0x00000000eca80000,0x00000000eccfdd50,0x00000000ecd00000)
  to   space 2560K, 0% used [0x00000000ecd00000,0x00000000ecd00000,0x00000000ecf80000)
 ParOldGen       total 41472K, used 711K [0x00000000c3200000, 0x00000000c5a80000, 0x00000000ebb00000)
  object space 41472K, 1% used [0x00000000c3200000,0x00000000c32b1c88,0x00000000c5a80000)
 PSPermGen       total 21504K, used 16316K [0x00000000b8c00000, 0x00000000ba100000, 0x00000000c3200000)
  object space 21504K, 75% used [0x00000000b8c00000,0x00000000b9bef0c8,0x00000000ba100000)
}
Event: 19.949 GC heap before
{Heap before GC invocations=2 (full 0):
 PSYoungGen      total 18432K, used 18423K [0x00000000ebb00000, 0x00000000ecf80000, 0x0000000100000000)
  eden space 15872K, 100% used [0x00000000ebb00000,0x00000000eca80000,0x00000000eca80000)
  from space 2560K, 99% used [0x00000000eca80000,0x00000000eccfdd50,0x00000000ecd00000)
  to   space 2560K, 0% used [0x00000000ecd00000,0x00000000ecd00000,0x00000000ecf80000)
 ParOldGen       total 41472K, used 711K [0x00000000c3200000, 0x00000000c5a80000, 0x00000000ebb00000)
  object space 41472K, 1% used [0x00000000c3200000,0x00000000c32b1c88,0x00000000c5a80000)
 PSPermGen       total 21504K, used 16551K [0x00000000b8c00000, 0x00000000ba100000, 0x00000000c3200000)
  object space 21504K, 76% used [0x00000000b8c00000,0x00000000b9c29fd0,0x00000000ba100000)
Event: 19.966 GC heap after
Heap after GC invocations=2 (full 0):
 PSYoungGen      total 18432K, used 2544K [0x00000000ebb00000, 0x00000000ecf80000, 0x0000000100000000)
  eden space 15872K, 0% used [0x00000000ebb00000,0x00000000ebb00000,0x00000000eca80000)
  from space 2560K, 99% used [0x00000000ecd00000,0x00000000ecf7c010,0x00000000ecf80000)
  to   space 2560K, 0% used [0x00000000eca80000,0x00000000eca80000,0x00000000ecd00000)
 ParOldGen       total 41472K, used 1153K [0x00000000c3200000, 0x00000000c5a80000, 0x00000000ebb00000)
  object space 41472K, 2% used [0x00000000c3200000,0x00000000c33204c8,0x00000000c5a80000)
 PSPermGen       total 21504K, used 16551K [0x00000000b8c00000, 0x00000000ba100000, 0x00000000c3200000)
  object space 21504K, 76% used [0x00000000b8c00000,0x00000000b9c29fd0,0x00000000ba100000)
}
Event: 28.677 GC heap before
{Heap before GC invocations=3 (full 0):
 PSYoungGen      total 18432K, used 18416K [0x00000000ebb00000, 0x00000000ecf80000, 0x0000000100000000)
  eden space 15872K, 100% used [0x00000000ebb00000,0x00000000eca80000,0x00000000eca80000)
  from space 2560K, 99% used [0x00000000ecd00000,0x00000000ecf7c010,0x00000000ecf80000)
  to   space 2560K, 0% used [0x00000000eca80000,0x00000000eca80000,0x00000000ecd00000)
 ParOldGen       total 41472K, used 1153K [0x00000000c3200000, 0x00000000c5a80000, 0x00000000ebb00000)
  object space 41472K, 2% used [0x00000000c3200000,0x00000000c33204c8,0x00000000c5a80000)
 PSPermGen       total 21504K, used 16574K [0x00000000b8c00000, 0x00000000ba100000, 0x00000000c3200000)
  object space 21504K, 77% used [0x00000000b8c00000,0x00000000b9c2fb48,0x00000000ba100000)
Event: 28.687 GC heap after
Heap after GC invocations=3 (full 0):
 PSYoungGen      total 18432K, used 2549K [0x00000000ebb00000, 0x00000000ecf80000, 0x0000000100000000)
  eden space 15872K, 0% used [0x00000000ebb00000,0x00000000ebb00000,0x00000000eca80000)
  from space 2560K, 99% used [0x00000000eca80000,0x00000000eccfd540,0x00000000ecd00000)
  to   space 2560K, 0% used [0x00000000ecd00000,0x00000000ecd00000,0x00000000ecf80000)
 ParOldGen       total 41472K, used 1449K [0x00000000c3200000, 0x00000000c5a80000, 0x00000000ebb00000)
  object space 41472K, 3% used [0x00000000c3200000,0x00000000c336a4c8,0x00000000c5a80000)
 PSPermGen       total 21504K, used 16574K [0x00000000b8c00000, 0x00000000ba100000, 0x00000000c3200000)
  object space 21504K, 77% used [0x00000000b8c00000,0x00000000b9c2fb48,0x00000000ba100000)
}
Event: 34.969 GC heap before
{Heap before GC invocations=4 (full 0):
 PSYoungGen      total 18432K, used 18421K [0x00000000ebb00000, 0x00000000ecf80000, 0x0000000100000000)
  eden space 15872K, 100% used [0x00000000ebb00000,0x00000000eca80000,0x00000000eca80000)
  from space 2560K, 99% used [0x00000000eca80000,0x00000000eccfd540,0x00000000ecd00000)
  to   space 2560K, 0% used [0x00000000ecd00000,0x00000000ecd00000,0x00000000ecf80000)
 ParOldGen       total 41472K, used 1449K [0x00000000c3200000, 0x00000000c5a80000, 0x00000000ebb00000)
  object space 41472K, 3% used [0x00000000c3200000,0x00000000c336a4c8,0x00000000c5a80000)
 PSPermGen       total 21504K, used 16580K [0x00000000b8c00000, 0x00000000ba100000, 0x00000000c3200000)
  object space 21504K, 77% used [0x00000000b8c00000,0x00000000b9c31030,0x00000000ba100000)
Event: 34.978 GC heap after
Heap after GC invocations=4 (full 0):
 PSYoungGen      total 18432K, used 2549K [0x00000000ebb00000, 0x00000000ecf80000, 0x0000000100000000)
  eden space 15872K, 0% used [0x00000000ebb00000,0x00000000ebb00000,0x00000000eca80000)
  from space 2560K, 99% used [0x00000000ecd00000,0x00000000ecf7d540,0x00000000ecf80000)
  to   space 2560K, 0% used [0x00000000eca80000,0x00000000eca80000,0x00000000ecd00000)
 ParOldGen       total 41472K, used 1585K [0x00000000c3200000, 0x00000000c5a80000, 0x00000000ebb00000)
  object space 41472K, 3% used [0x00000000c3200000,0x00000000c338c4c8,0x00000000c5a80000)
 PSPermGen       total 21504K, used 16580K [0x00000000b8c00000, 0x00000000ba100000, 0x00000000c3200000)
  object space 21504K, 77% used [0x00000000b8c00000,0x00000000b9c31030,0x00000000ba100000)
}

